<?xml version="1.0" encoding="UTF-8"?>
<!-- Generated by org.testng.reporters.JUnitXMLReporter -->
<testsuite hostname="LAPTOP-0LBQ9P2B" ignored="0" name="Surefire test" tests="7" failures="0" timestamp="2022-04-14T18:16:19 IST" time="33.811" errors="0">
  <testcase name="checkLoginPage" time="1.223" classname="framework.tests.LoginPageTest"/>
  <testcase name="checkLoginPage" time="0.72" classname="framework.tests.LoginPageTest"/>
  <testcase name="checkLoginPage" time="0.78" classname="framework.tests.LoginPageTest"/>
  <testcase name="checkLoginPage" time="5.985" classname="framework.tests.LoginPageTest"/>
  <testcase name="selectItems" time="0.463" classname="framework.tests.PageTests"/>
  <testcase name="checkDropdown" time="0.499" classname="framework.tests.PageTests"/>
  <testcase name="addItems" time="0.961" classname="framework.tests.PageTests"/>
</testsuite> <!-- Surefire test -->
