<?xml version="1.0" encoding="UTF-8"?>
<!-- Generated by org.testng.reporters.JUnitXMLReporter -->
<testsuite hostname="LAPTOP-0LBQ9P2B" ignored="0" name="Home Page Test" tests="4" failures="0" timestamp="2022-04-25T18:54:58 IST" time="34.371" errors="0">
  <testcase name="selectItems" time="7.02" classname="framework.tests.PageTests"/>
  <testcase name="checkDropdown" time="0.551" classname="framework.tests.PageTests"/>
  <testcase name="addItems" time="0.532" classname="framework.tests.PageTests"/>
  <testcase name="checkOut" time="0.142" classname="framework.tests.PageTests"/>
</testsuite> <!-- Home Page Test -->
