<?xml version="1.0" encoding="UTF-8"?>
<!-- Generated by org.testng.reporters.JUnitXMLReporter -->
<testsuite hostname="LAPTOP-0LBQ9P2B" ignored="0" name="Login Test" tests="4" failures="0" timestamp="2022-04-18T13:57:34 IST" time="14.22" errors="0">
  <testcase name="checkLoginPage" time="2.033" classname="framework.tests.LoginPageTest"/>
  <testcase name="checkLoginPage" time="1.137" classname="framework.tests.LoginPageTest"/>
  <testcase name="checkLoginPage" time="0.395" classname="framework.tests.LoginPageTest"/>
  <testcase name="checkLoginPage" time="5.431" classname="framework.tests.LoginPageTest"/>
</testsuite> <!-- Login Test -->
