<?xml version="1.0" encoding="UTF-8"?>
<!-- Generated by org.testng.reporters.JUnitXMLReporter -->
<testsuite hostname="LAPTOP-0LBQ9P2B" ignored="0" name="Login Test" tests="4" failures="0" timestamp="2022-04-25T18:55:01 IST" time="38.407" errors="0">
  <testcase name="checkLoginPage" time="1.624" classname="framework.tests.LoginPageTest"/>
  <testcase name="checkLoginPage" time="0.244" classname="framework.tests.LoginPageTest"/>
  <testcase name="checkLoginPage" time="0.329" classname="framework.tests.LoginPageTest"/>
  <testcase name="checkLoginPage" time="5.292" classname="framework.tests.LoginPageTest"/>
</testsuite> <!-- Login Test -->
