<?xml version="1.0" encoding="UTF-8"?>
<!-- Generated by org.testng.reporters.JUnitXMLReporter -->
<testsuite hostname="LAPTOP-0LBQ9P2B" ignored="0" name="Home Page Test" tests="4" failures="0" timestamp="2022-04-18T22:18:37 IST" time="14.648" errors="0">
  <testcase name="selectItems" time="0.521" classname="framework.tests.PageTests"/>
  <testcase name="checkDropdown" time="0.256" classname="framework.tests.PageTests"/>
  <testcase name="addItems" time="0.443" classname="framework.tests.PageTests"/>
  <testcase name="checkOut" time="0.357" classname="framework.tests.PageTests"/>
</testsuite> <!-- Home Page Test -->
