<?xml version="1.0" encoding="UTF-8"?>
<!-- Generated by org.testng.reporters.JUnitXMLReporter -->
<testsuite hostname="LAPTOP-0LBQ9P2B" ignored="0" name="Login Test" tests="4" failures="0" timestamp="2022-04-25T18:56:22 IST" time="13.579" errors="0">
  <testcase name="checkLoginPage" time="0.274" classname="framework.tests.LoginPageTest"/>
  <testcase name="checkLoginPage" time="0.272" classname="framework.tests.LoginPageTest"/>
  <testcase name="checkLoginPage" time="0.213" classname="framework.tests.LoginPageTest"/>
  <testcase name="checkLoginPage" time="5.234" classname="framework.tests.LoginPageTest"/>
</testsuite> <!-- Login Test -->
