<?xml version="1.0" encoding="UTF-8"?>
<testng-results skipped="0" failed="0" ignored="0" total="8" passed="8">
  <reporter-output>
  </reporter-output>
  <suite name="Suite" duration-ms="13579" started-at="2022-04-25T18:56:09 IST" finished-at="2022-04-25T18:56:22 IST">
    <groups>
    </groups>
    <test name="Home Page Test" duration-ms="8420" started-at="2022-04-25T18:56:09 IST" finished-at="2022-04-25T18:56:17 IST">
      <class name="framework.tests.PageTests">
        <test-method status="PASS" signature="setUp()[pri:0, instance:framework.tests.PageTests@4c2bb6e0]" name="setUp" is-config="true" duration-ms="7061" started-at="2022-04-25T18:56:09 IST" finished-at="2022-04-25T18:56:16 IST">
          <reporter-output>
          </reporter-output>
        </test-method> <!-- setUp -->
        <test-method status="PASS" signature="selectItems()[pri:0, instance:framework.tests.PageTests@4c2bb6e0]" name="selectItems" duration-ms="229" started-at="2022-04-25T18:56:16 IST" finished-at="2022-04-25T18:56:16 IST">
          <reporter-output>
          </reporter-output>
        </test-method> <!-- selectItems -->
        <test-method status="PASS" signature="checkDropdown()[pri:0, instance:framework.tests.PageTests@4c2bb6e0]" name="checkDropdown" duration-ms="177" started-at="2022-04-25T18:56:16 IST" finished-at="2022-04-25T18:56:16 IST">
          <reporter-output>
          </reporter-output>
        </test-method> <!-- checkDropdown -->
        <test-method status="PASS" signature="addItems()[pri:0, instance:framework.tests.PageTests@4c2bb6e0]" name="addItems" duration-ms="410" started-at="2022-04-25T18:56:16 IST" depends-on-methods="framework.tests.PageTests.selectItems" finished-at="2022-04-25T18:56:17 IST">
          <reporter-output>
          </reporter-output>
        </test-method> <!-- addItems -->
        <test-method status="PASS" signature="checkOut()[pri:0, instance:framework.tests.PageTests@4c2bb6e0]" name="checkOut" duration-ms="144" started-at="2022-04-25T18:56:17 IST" depends-on-methods="framework.tests.PageTests.addItems" finished-at="2022-04-25T18:56:17 IST">
          <reporter-output>
          </reporter-output>
        </test-method> <!-- checkOut -->
        <test-method status="PASS" signature="tearDown()[pri:0, instance:framework.tests.PageTests@4c2bb6e0]" name="tearDown" is-config="true" duration-ms="29" started-at="2022-04-25T18:56:17 IST" finished-at="2022-04-25T18:56:17 IST">
          <reporter-output>
          </reporter-output>
        </test-method> <!-- tearDown -->
      </class> <!-- framework.tests.PageTests -->
    </test> <!-- Home Page Test -->
    <test name="Login Test" duration-ms="13579" started-at="2022-04-25T18:56:09 IST" finished-at="2022-04-25T18:56:22 IST">
      <class name="framework.tests.LoginPageTest">
        <test-method status="PASS" signature="setUp()[pri:0, instance:framework.tests.LoginPageTest@3e2055d6]" name="setUp" is-config="true" duration-ms="3187" started-at="2022-04-25T18:56:09 IST" finished-at="2022-04-25T18:56:12 IST">
          <reporter-output>
          </reporter-output>
        </test-method> <!-- setUp -->
        <test-method status="PASS" signature="setData()[pri:0, instance:framework.tests.LoginPageTest@3e2055d6]" name="setData" is-config="true" duration-ms="3541" started-at="2022-04-25T18:56:12 IST" finished-at="2022-04-25T18:56:16 IST">
          <reporter-output>
          </reporter-output>
        </test-method> <!-- setData -->
        <test-method status="PASS" signature="checkLoginPage(java.lang.String)[pri:0, instance:framework.tests.LoginPageTest@3e2055d6]" name="checkLoginPage" duration-ms="274" started-at="2022-04-25T18:56:16 IST" data-provider="getData" finished-at="2022-04-25T18:56:16 IST">
          <params>
            <param index="0">
              <value>
                <![CDATA[standard_user]]>
              </value>
            </param>
          </params>
          <reporter-output>
          </reporter-output>
        </test-method> <!-- checkLoginPage -->
        <test-method status="PASS" signature="setData()[pri:0, instance:framework.tests.LoginPageTest@3e2055d6]" name="setData" is-config="true" duration-ms="80" started-at="2022-04-25T18:56:16 IST" finished-at="2022-04-25T18:56:16 IST">
          <reporter-output>
          </reporter-output>
        </test-method> <!-- setData -->
        <test-method status="PASS" signature="checkLoginPage(java.lang.String)[pri:0, instance:framework.tests.LoginPageTest@3e2055d6]" name="checkLoginPage" duration-ms="272" started-at="2022-04-25T18:56:16 IST" data-provider="getData" finished-at="2022-04-25T18:56:16 IST">
          <params>
            <param index="0">
              <value>
                <![CDATA[locked_out_user]]>
              </value>
            </param>
          </params>
          <reporter-output>
          </reporter-output>
        </test-method> <!-- checkLoginPage -->
        <test-method status="PASS" signature="setData()[pri:0, instance:framework.tests.LoginPageTest@3e2055d6]" name="setData" is-config="true" duration-ms="151" started-at="2022-04-25T18:56:16 IST" finished-at="2022-04-25T18:56:17 IST">
          <reporter-output>
          </reporter-output>
        </test-method> <!-- setData -->
        <test-method status="PASS" signature="checkLoginPage(java.lang.String)[pri:0, instance:framework.tests.LoginPageTest@3e2055d6]" name="checkLoginPage" duration-ms="213" started-at="2022-04-25T18:56:17 IST" data-provider="getData" finished-at="2022-04-25T18:56:17 IST">
          <params>
            <param index="0">
              <value>
                <![CDATA[problem_user]]>
              </value>
            </param>
          </params>
          <reporter-output>
          </reporter-output>
        </test-method> <!-- checkLoginPage -->
        <test-method status="PASS" signature="setData()[pri:0, instance:framework.tests.LoginPageTest@3e2055d6]" name="setData" is-config="true" duration-ms="25" started-at="2022-04-25T18:56:17 IST" finished-at="2022-04-25T18:56:17 IST">
          <reporter-output>
          </reporter-output>
        </test-method> <!-- setData -->
        <test-method status="PASS" signature="checkLoginPage(java.lang.String)[pri:0, instance:framework.tests.LoginPageTest@3e2055d6]" name="checkLoginPage" duration-ms="5234" started-at="2022-04-25T18:56:17 IST" data-provider="getData" finished-at="2022-04-25T18:56:22 IST">
          <params>
            <param index="0">
              <value>
                <![CDATA[performance_glitch_user]]>
              </value>
            </param>
          </params>
          <reporter-output>
          </reporter-output>
        </test-method> <!-- checkLoginPage -->
        <test-method status="PASS" signature="tearDown()[pri:0, instance:framework.tests.LoginPageTest@3e2055d6]" name="tearDown" is-config="true" duration-ms="25" started-at="2022-04-25T18:56:22 IST" finished-at="2022-04-25T18:56:22 IST">
          <reporter-output>
          </reporter-output>
        </test-method> <!-- tearDown -->
      </class> <!-- framework.tests.LoginPageTest -->
    </test> <!-- Login Test -->
  </suite> <!-- Suite -->
</testng-results>
