<?xml version="1.0" encoding="UTF-8"?>
<testng-results skipped="0" failed="0" ignored="0" total="8" passed="8">
  <reporter-output>
  </reporter-output>
  <suite name="Suite" duration-ms="38407" started-at="2022-04-25T18:54:23 IST" finished-at="2022-04-25T18:55:01 IST">
    <groups>
    </groups>
    <test name="Home Page Test" duration-ms="34371" started-at="2022-04-25T18:54:23 IST" finished-at="2022-04-25T18:54:57 IST">
      <class name="framework.tests.PageTests">
        <test-method status="PASS" signature="setUp()[pri:0, instance:framework.tests.PageTests@4d518b32]" name="setUp" is-config="true" duration-ms="22915" started-at="2022-04-25T18:54:23 IST" finished-at="2022-04-25T18:54:46 IST">
          <reporter-output>
          </reporter-output>
        </test-method> <!-- setUp -->
        <test-method status="PASS" signature="selectItems()[pri:0, instance:framework.tests.PageTests@4d518b32]" name="selectItems" duration-ms="7020" started-at="2022-04-25T18:54:46 IST" finished-at="2022-04-25T18:54:53 IST">
          <reporter-output>
          </reporter-output>
        </test-method> <!-- selectItems -->
        <test-method status="PASS" signature="checkDropdown()[pri:0, instance:framework.tests.PageTests@4d518b32]" name="checkDropdown" duration-ms="551" started-at="2022-04-25T18:54:53 IST" finished-at="2022-04-25T18:54:54 IST">
          <reporter-output>
          </reporter-output>
        </test-method> <!-- checkDropdown -->
        <test-method status="PASS" signature="addItems()[pri:0, instance:framework.tests.PageTests@4d518b32]" name="addItems" duration-ms="532" started-at="2022-04-25T18:54:54 IST" depends-on-methods="framework.tests.PageTests.selectItems" finished-at="2022-04-25T18:54:55 IST">
          <reporter-output>
          </reporter-output>
        </test-method> <!-- addItems -->
        <test-method status="PASS" signature="checkOut()[pri:0, instance:framework.tests.PageTests@4d518b32]" name="checkOut" duration-ms="142" started-at="2022-04-25T18:54:55 IST" depends-on-methods="framework.tests.PageTests.addItems" finished-at="2022-04-25T18:54:55 IST">
          <reporter-output>
          </reporter-output>
        </test-method> <!-- checkOut -->
        <test-method status="PASS" signature="tearDown()[pri:0, instance:framework.tests.PageTests@4d518b32]" name="tearDown" is-config="true" duration-ms="1710" started-at="2022-04-25T18:54:55 IST" finished-at="2022-04-25T18:54:57 IST">
          <reporter-output>
          </reporter-output>
        </test-method> <!-- tearDown -->
      </class> <!-- framework.tests.PageTests -->
    </test> <!-- Home Page Test -->
    <test name="Login Test" duration-ms="38407" started-at="2022-04-25T18:54:23 IST" finished-at="2022-04-25T18:55:01 IST">
      <class name="framework.tests.LoginPageTest">
        <test-method status="PASS" signature="setUp()[pri:0, instance:framework.tests.LoginPageTest@72ef8d15]" name="setUp" is-config="true" duration-ms="19826" started-at="2022-04-25T18:54:23 IST" finished-at="2022-04-25T18:54:43 IST">
          <reporter-output>
          </reporter-output>
        </test-method> <!-- setUp -->
        <test-method status="PASS" signature="setData()[pri:0, instance:framework.tests.LoginPageTest@72ef8d15]" name="setData" is-config="true" duration-ms="1444" started-at="2022-04-25T18:54:43 IST" finished-at="2022-04-25T18:54:44 IST">
          <reporter-output>
          </reporter-output>
        </test-method> <!-- setData -->
        <test-method status="PASS" signature="checkLoginPage(java.lang.String)[pri:0, instance:framework.tests.LoginPageTest@72ef8d15]" name="checkLoginPage" duration-ms="1624" started-at="2022-04-25T18:54:44 IST" data-provider="getData" finished-at="2022-04-25T18:54:46 IST">
          <params>
            <param index="0">
              <value>
                <![CDATA[standard_user]]>
              </value>
            </param>
          </params>
          <reporter-output>
          </reporter-output>
        </test-method> <!-- checkLoginPage -->
        <test-method status="PASS" signature="setData()[pri:0, instance:framework.tests.LoginPageTest@72ef8d15]" name="setData" is-config="true" duration-ms="703" started-at="2022-04-25T18:54:53 IST" finished-at="2022-04-25T18:54:54 IST">
          <reporter-output>
          </reporter-output>
        </test-method> <!-- setData -->
        <test-method status="PASS" signature="checkLoginPage(java.lang.String)[pri:0, instance:framework.tests.LoginPageTest@72ef8d15]" name="checkLoginPage" duration-ms="244" started-at="2022-04-25T18:54:54 IST" data-provider="getData" finished-at="2022-04-25T18:54:54 IST">
          <params>
            <param index="0">
              <value>
                <![CDATA[locked_out_user]]>
              </value>
            </param>
          </params>
          <reporter-output>
          </reporter-output>
        </test-method> <!-- checkLoginPage -->
        <test-method status="PASS" signature="setData()[pri:0, instance:framework.tests.LoginPageTest@72ef8d15]" name="setData" is-config="true" duration-ms="204" started-at="2022-04-25T18:54:54 IST" finished-at="2022-04-25T18:54:54 IST">
          <reporter-output>
          </reporter-output>
        </test-method> <!-- setData -->
        <test-method status="PASS" signature="checkLoginPage(java.lang.String)[pri:0, instance:framework.tests.LoginPageTest@72ef8d15]" name="checkLoginPage" duration-ms="329" started-at="2022-04-25T18:54:54 IST" data-provider="getData" finished-at="2022-04-25T18:54:55 IST">
          <params>
            <param index="0">
              <value>
                <![CDATA[problem_user]]>
              </value>
            </param>
          </params>
          <reporter-output>
          </reporter-output>
        </test-method> <!-- checkLoginPage -->
        <test-method status="PASS" signature="setData()[pri:0, instance:framework.tests.LoginPageTest@72ef8d15]" name="setData" is-config="true" duration-ms="70" started-at="2022-04-25T18:54:55 IST" finished-at="2022-04-25T18:54:55 IST">
          <reporter-output>
          </reporter-output>
        </test-method> <!-- setData -->
        <test-method status="PASS" signature="checkLoginPage(java.lang.String)[pri:0, instance:framework.tests.LoginPageTest@72ef8d15]" name="checkLoginPage" duration-ms="5292" started-at="2022-04-25T18:54:55 IST" data-provider="getData" finished-at="2022-04-25T18:55:00 IST">
          <params>
            <param index="0">
              <value>
                <![CDATA[performance_glitch_user]]>
              </value>
            </param>
          </params>
          <reporter-output>
          </reporter-output>
        </test-method> <!-- checkLoginPage -->
        <test-method status="PASS" signature="tearDown()[pri:0, instance:framework.tests.LoginPageTest@72ef8d15]" name="tearDown" is-config="true" duration-ms="299" started-at="2022-04-25T18:55:01 IST" finished-at="2022-04-25T18:55:01 IST">
          <reporter-output>
          </reporter-output>
        </test-method> <!-- tearDown -->
      </class> <!-- framework.tests.LoginPageTest -->
    </test> <!-- Login Test -->
  </suite> <!-- Suite -->
</testng-results>
